TN:
SF:src\app.ts
FN:10,(anonymous_1)
FN:12,(anonymous_2)
FN:19,(anonymous_3)
FN:22,(anonymous_4)
FNF:4
FNH:3
FNDA:2,(anonymous_1)
FNDA:2,(anonymous_2)
FNDA:0,(anonymous_3)
FNDA:1,(anonymous_4)
DA:1,1
DA:2,1
DA:3,1
DA:5,1
DA:6,1
DA:8,1
DA:10,1
DA:11,2
DA:12,2
DA:13,2
DA:14,1
DA:17,1
DA:19,1
DA:21,1
DA:22,1
DA:23,1
DA:26,1
LF:17
LH:17
BRDA:12,0,0,2
BRDA:12,0,1,2
BRDA:13,1,0,1
BRDA:21,2,0,1
BRDA:21,2,1,1
BRF:5
BRH:5
end_of_record
TN:
SF:src\routes\items.ts
FN:6,(anonymous_0)
FN:7,(anonymous_1)
FN:13,(anonymous_2)
FN:15,(anonymous_3)
FN:20,(anonymous_4)
FN:22,(anonymous_5)
FNF:6
FNH:6
FNDA:1,(anonymous_0)
FNDA:3,(anonymous_1)
FNDA:2,(anonymous_2)
FNDA:6,(anonymous_3)
FNDA:1,(anonymous_4)
FNDA:4,(anonymous_5)
DA:1,1
DA:3,1
DA:4,1
DA:6,1
DA:7,1
DA:8,3
DA:9,3
DA:10,3
DA:11,3
DA:13,1
DA:14,2
DA:15,6
DA:16,2
DA:17,1
DA:18,1
DA:20,1
DA:21,1
DA:22,4
DA:23,1
DA:26,1
LF:20
LH:20
BRDA:16,0,0,1
BRF:1
BRH:1
end_of_record
